Results of markdown-link-check linter (version 0.0.0)
See documentation on https://megalinter.github.io/descriptors/markdown_markdown_link_check/
-----------------------------------------------

❌ [ERROR] README.md
    
    FILE: README.md
    [✓] https://github.com/facebook/create-react-app
    [✖] http://localhost:3000
    [✓] https://facebook.github.io/create-react-app/docs/running-tests
    [✓] https://facebook.github.io/create-react-app/docs/deployment
    [✓] https://facebook.github.io/create-react-app/docs/getting-started
    [✓] https://reactjs.org/
    [✓] https://facebook.github.io/create-react-app/docs/code-splitting
    [✓] https://facebook.github.io/create-react-app/docs/analyzing-the-bundle-size
    [✓] https://facebook.github.io/create-react-app/docs/making-a-progressive-web-app
    [✓] https://facebook.github.io/create-react-app/docs/advanced-configuration
    [✓] https://facebook.github.io/create-react-app/docs/troubleshooting#npm-run-build-fails-to-minify
    
    11 links checked.
    
    ERROR: 1 dead links found!
    [✖] http://localhost:3000 → Status: 0

✅ [SUCCESS] src/components/three/gridNoise/README.md
