Results of cspell linter (version 5.13.0)
See documentation on https://megalinter.github.io/descriptors/spell_cspell/
-----------------------------------------------

❌ [ERROR] for workspace /tmp/lint
Linter raw log:
 1/48 ./tmp/lint/.cspell.json 744.24ms X
/tmp/lint/.cspell.json:9:6 - Unknown word (megalinter)
 2/48 ./tmp/lint/.github/workflows/mega-linter.yml 119.38ms X
/tmp/lint/.github/workflows/mega-linter.yml:79:15 - Unknown word (stefanzweifel)
 3/48 ./tmp/lint/.gitignore 11.21ms
 4/48 ./tmp/lint/.jscpd.json 12.14ms X
/tmp/lint/.jscpd.json:8:10 - Unknown word (venv)
 5/48 ./tmp/lint/.mega-linter.yml 20.98ms
 6/48 ./tmp/lint/.travis.yml 9.29ms
 7/48 ./tmp/lint/README.md 85.17ms
 8/48 ./tmp/lint/craco.config.js 51.06ms X
/tmp/lint/craco.config.js:5:18 - Unknown word (tailwindcss)
 9/48 ./tmp/lint/package.json 42.09ms X
/tmp/lint/package.json:6:7 - Unknown word (craco)
/tmp/lint/package.json:6:13 - Unknown word (craco)
/tmp/lint/package.json:8:19 - Unknown word (drei)
/tmp/lint/package.json:13:19 - Unknown word (glsl)
/tmp/lint/package.json:14:6 - Unknown word (glsl)
/tmp/lint/package.json:15:6 - Unknown word (glslify)
/tmp/lint/package.json:16:6 - Unknown word (gsap)
/tmp/lint/package.json:28:15 - Unknown word (craco)
/tmp/lint/package.json:29:15 - Unknown word (craco)
/tmp/lint/package.json:39:4 - Unknown word (browserslist)
/tmp/lint/package.json:55:6 - Unknown word (tailwindcss)
/tmp/lint/package.json:55:26 - Unknown word (tailwindcss)
/tmp/lint/package.json:55:47 - Unknown word (compat)
10/48 ./tmp/lint/public/index.html 77.54ms X
/tmp/lint/public/index.html:36:19 - Unknown word (webfonts)
11/48 ./tmp/lint/public/manifest.json 10.21ms
12/48 ./tmp/lint/src/App.css 30.39ms
13/48 ./tmp/lint/src/App.js 25.68ms X
/tmp/lint/src/App.js:3:8 - Unknown word (Sider)
/tmp/lint/src/App.js:6:47 - Unknown word (threescene)
/tmp/lint/src/App.js:9:18 - Unknown word (Polytope)
/tmp/lint/src/App.js:18:8 - Unknown word (Sider)
/tmp/lint/src/App.js:22:15 - Unknown word (Polytope)
14/48 ./tmp/lint/src/App.test.js 9.35ms
15/48 ./tmp/lint/src/action/actions/index.js 48.16ms
16/48 ./tmp/lint/src/action/actions/transitionNext.js 10.02ms
17/48 ./tmp/lint/src/action/index.js 4.61ms
18/48 ./tmp/lint/src/components/nextAction/index.js 29.27ms
19/48 ./tmp/lint/src/components/nextAction/nextAction.js 19.73ms
20/48 ./tmp/lint/src/components/three/gridNoise/README.md 72.14ms X
/tmp/lint/src/components/three/gridNoise/README.md:1:48 - Unknown word (inspireed)
/tmp/lint/src/components/three/gridNoise/README.md:1:64 - Unknown word (Alvan)
/tmp/lint/src/components/three/gridNoise/README.md:1:76 - Unknown word (Arulandu)
21/48 ./tmp/lint/src/components/three/gridNoise/grid.js 41.17ms X
/tmp/lint/src/components/three/gridNoise/grid.js:12:18 - Unknown word (XYZT)
/tmp/lint/src/components/three/gridNoise/grid.js:24:10 - Unknown word (XYZT)
/tmp/lint/src/components/three/gridNoise/grid.js:33:67 - Unknown word (XYZT)
/tmp/lint/src/components/three/gridNoise/grid.js:34:42 - Unknown word (XYZT)
/tmp/lint/src/components/three/gridNoise/grid.js:84:9 - Unknown word (wireframe)
22/48 ./tmp/lint/src/components/three/gridNoise/gridScene.js 22.51ms X
/tmp/lint/src/components/three/gridNoise/gridScene.js:3:17 - Unknown word (perlin)
/tmp/lint/src/components/three/gridNoise/gridScene.js:15:11 - Unknown word (lacunarity)
/tmp/lint/src/components/three/gridNoise/gridScene.js:22:22 - Unknown word (perlin)
/tmp/lint/src/components/three/gridNoise/gridScene.js:24:15 - Unknown word (lacunarity)
/tmp/lint/src/components/three/gridNoise/gridScene.js:33:16 - Unknown word (XYZT)
/tmp/lint/src/components/three/gridNoise/gridScene.js:57:18 - Unknown word (XYZT)
/tmp/lint/src/components/three/gridNoise/gridScene.js:57:31 - Unknown word (XYZT)
23/48 ./tmp/lint/src/components/three/gridNoise/index.js 9.57ms
24/48 ./tmp/lint/src/components/three/gridNoise/initHelpers.js 20.55ms X
/tmp/lint/src/components/three/gridNoise/initHelpers.js:8:30 - Unknown word (XYZT)
/tmp/lint/src/components/three/gridNoise/initHelpers.js:12:73 - Unknown word (XYZT)
/tmp/lint/src/components/three/gridNoise/initHelpers.js:21:28 - Unknown word (XYZT)
25/48 ./tmp/lint/src/components/three/lava/fragmentShader.js 40.34ms
26/48 ./tmp/lint/src/components/three/lava/index.js 7.63ms
27/48 ./tmp/lint/src/components/three/lava/lavaComponent.js 30.33ms X
/tmp/lint/src/components/three/lava/lavaComponent.js:3:53 - Unknown word (drei)
/tmp/lint/src/components/three/lava/lavaComponent.js:7:49 - Unknown word (Phong)
/tmp/lint/src/components/three/lava/lavaComponent.js:39:12 - Unknown word (Phong)
28/48 ./tmp/lint/src/components/three/lava/lavaJsShader.js 18.13ms X
/tmp/lint/src/components/three/lava/lavaJsShader.js:1:46 - Unknown word (drei)
/tmp/lint/src/components/three/lava/lavaJsShader.js:2:8 - Unknown word (glsl)
/tmp/lint/src/components/three/lava/lavaJsShader.js:2:32 - Unknown word (glsl)
/tmp/lint/src/components/three/lava/lavaJsShader.js:12:3 - Unknown word (glsl)
/tmp/lint/src/components/three/lava/lavaJsShader.js:15:3 - Unknown word (glsl)
29/48 ./tmp/lint/src/components/three/lava/vertexShader.js 12.90ms
30/48 ./tmp/lint/src/components/three/particleText/box.js 45.89ms
31/48 ./tmp/lint/src/components/three/particleText/index.js 15.49ms
32/48 ./tmp/lint/src/components/three/particleText/ocean.js 25.46ms X
/tmp/lint/src/components/three/particleText/ocean.js:12:56 - Unknown word (waternormals)
33/48 ./tmp/lint/src/components/three/particleText/particleComponent.js 30.56ms X
/tmp/lint/src/components/three/particleText/particleComponent.js:4:74 - Unknown word (drei)
/tmp/lint/src/components/three/particleText/particleComponent.js:31:18 - Unknown word (lavatile)
/tmp/lint/src/components/three/particleText/particleComponent.js:51:47 - Unknown word (hotpink)
34/48 ./tmp/lint/src/components/three/particleText/plane.js 20.44ms X
/tmp/lint/src/components/three/particleText/plane.js:12:50 - Unknown word (lavatile)
35/48 ./tmp/lint/src/components/three/shaders/lava.js 36.75ms X
/tmp/lint/src/components/three/shaders/lava.js:4:46 - Unknown word (drei)
/tmp/lint/src/components/three/shaders/lava.js:5:8 - Unknown word (glsl)
/tmp/lint/src/components/three/shaders/lava.js:5:32 - Unknown word (glsl)
/tmp/lint/src/components/three/shaders/lava.js:23:3 - Unknown word (glsl)
/tmp/lint/src/components/three/shaders/lava.js:36:3 - Unknown word (glsl)
36/48 ./tmp/lint/src/components/three/shaders/lava2.js 59.39ms X
/tmp/lint/src/components/three/shaders/lava2.js:2:46 - Unknown word (drei)
/tmp/lint/src/components/three/shaders/lava2.js:3:8 - Unknown word (glsl)
/tmp/lint/src/components/three/shaders/lava2.js:3:32 - Unknown word (glsl)
/tmp/lint/src/components/three/shaders/lava2.js:10:3 - Unknown word (glsl)
/tmp/lint/src/components/three/shaders/lava2.js:16:3 - Unknown word (glsl)
/tmp/lint/src/components/three/shaders/lava2.js:32:11 - Unknown word (snoise)
/tmp/lint/src/components/three/shaders/lava2.js:85:22 - Unknown word (xzyw)
/tmp/lint/src/components/three/shaders/lava2.js:85:32 - Unknown word (xzyw)
/tmp/lint/src/components/three/shaders/lava2.js:85:42 - Unknown word (xxyy)
/tmp/lint/src/components/three/shaders/lava2.js:86:22 - Unknown word (xzyw)
/tmp/lint/src/components/three/shaders/lava2.js:86:32 - Unknown word (xzyw)
/tmp/lint/src/components/three/shaders/lava2.js:86:42 - Unknown word (zzww)
/tmp/lint/src/components/three/shaders/lava2.js:93:12 - Unknown word (Normalise)
/tmp/lint/src/components/three/shaders/lava2.js:114:25 - Unknown word (snoise)
/tmp/lint/src/components/three/shaders/lava2.js:115:25 - Unknown word (snoise)
/tmp/lint/src/components/three/shaders/lava2.js:116:26 - Unknown word (snoise)
37/48 ./tmp/lint/src/components/three/shaders/water.js 6.07ms
38/48 ./tmp/lint/src/index.css 33.85ms X
/tmp/lint/src/index.css:63:32 - Unknown word (semibold)
/tmp/lint/src/index.css:82:34 - Unknown word (semibold)
39/48 ./tmp/lint/src/index.js 26.82ms
40/48 ./tmp/lint/src/lib/noise.js 112.50ms X
/tmp/lint/src/lib/noise.js:2:21 - Unknown word (perlin)
/tmp/lint/src/lib/noise.js:4:36 - Unknown word (Gustavson)
/tmp/lint/src/lib/noise.js:5:4 - Unknown word (Optimisations)
/tmp/lint/src/lib/noise.js:6:42 - Unknown word (Gustavson)
/tmp/lint/src/lib/noise.js:12:11 - Unknown word (Gustavson)
/tmp/lint/src/lib/noise.js:86:16 - Unknown word (unskewing)
/tmp/lint/src/lib/noise.js:101:67 - Unknown word (unskewed)
/tmp/lint/src/lib/noise.js:114:63 - Unknown word (unskewed)
/tmp/lint/src/lib/noise.js:116:64 - Unknown word (unskewed)
/tmp/lint/src/lib/noise.js:162:67 - Unknown word (unskewed)
/tmp/lint/src/lib/noise.js:234:10 - Unknown word (Perlin)
/tmp/lint/src/lib/noise.js:240:10 - Unknown word (lerp)
/tmp/lint/src/lib/noise.js:244:7 - Unknown word (Perlin)
/tmp/lint/src/lib/noise.js:245:7 - Unknown word (perlin)
/tmp/lint/src/lib/noise.js:263:10 - Unknown word (lerp)
/tmp/lint/src/lib/noise.js:264:5 - Unknown word (lerp)
/tmp/lint/src/lib/noise.js:265:5 - Unknown word (lerp)
/tmp/lint/src/lib/noise.js:269:7 - Unknown word (Perlin)
/tmp/lint/src/lib/noise.js:270:7 - Unknown word (perlin)
41/48 ./tmp/lint/src/lib/pageState/PageState.js 34.20ms
42/48 ./tmp/lint/src/lib/pageState/index.js 6.31ms
43/48 ./tmp/lint/src/reducer/counter.js 29.92ms
44/48 ./tmp/lint/src/reducer/index.js 12.10ms
45/48 ./tmp/lint/src/reducer/isLogged.js 8.74ms
46/48 ./tmp/lint/src/reportWebVitals.js 8.93ms X
/tmp/lint/src/reportWebVitals.js:3:69 - Unknown word (TTFB)
/tmp/lint/src/reportWebVitals.js:8:10 - Unknown word (TTFB)
47/48 ./tmp/lint/src/setupTests.js 11.16ms
48/48 ./tmp/lint/tailwind.config.js 7.69ms
CSpell: Files checked: 48, Issues found: 98 in 21 files


You can skip this misspellings by defining the following .cspell.json file at the root of your repository
Of course, please correct real typos before :)

{
    "version": "0.1",
    "language": "en",
    "ignorePaths": [
        "**/node_modules/**",
        "**/vscode-extension/**",
        "**/.git/**",
        ".vscode",
        "package-lock.json",
        "report"
    ],
    "words": [
        "Alvan",
        "Arulandu",
        "Gustavson",
        "Normalise",
        "Optimisations",
        "Perlin",
        "Phong",
        "Polytope",
        "Sider",
        "TTFB",
        "XYZT",
        "browserslist",
        "compat",
        "craco",
        "drei",
        "glsl",
        "glslify",
        "gsap",
        "hotpink",
        "inspireed",
        "lacunarity",
        "lavatile",
        "lerp",
        "megalinter",
        "perlin",
        "semibold",
        "snoise",
        "stefanzweifel",
        "tailwindcss",
        "threescene",
        "unskewed",
        "unskewing",
        "venv",
        "waternormals",
        "webfonts",
        "wireframe",
        "xxyy",
        "xzyw",
        "zzww"
    ]
}


You can also copy-paste report/.cspell.json at the root of your repository
